<?xml version="1.0" encoding="UTF-8"?>
<testsuites>
  <testsuite name="Test Suite" tests="1" assertions="1" errors="0" failures="0" skipped="0" time="0.015645">
    <testsuite name="ExampleTest\Test\SourceClassTest" file="/Users/tfidry/Project/Humbug/infection/tests/Fixtures/e2e/Example_Test/tests/SourceClassTest.php" tests="1" assertions="1" errors="0" failures="0" skipped="0" time="0.015645">
      <testcase name="test_hello" class="ExampleTest\Test\SourceClassTest" classname="ExampleTest.Test.SourceClassTest" file="/Users/tfidry/Project/Humbug/infection/tests/Fixtures/e2e/Example_Test/tests/SourceClassTest.php" line="10" assertions="1" time="0.015645"/>
    </testsuite>
  </testsuite>
</testsuites>
