<?xml version="1.0" encoding="UTF-8"?>
<testsuites>
  <testsuite name="Test Suite" tests="3" assertions="3" errors="0" failures="0" skipped="0" time="0.021480">
    <testsuite name="Trait_Coverage\Test\SourceClassTest" file="/Users/tfidry/Project/Humbug/infection/tests/Fixtures/e2e/Trait_Coverage/tests/SourceClassTest.php" tests="3" assertions="3" errors="0" failures="0" skipped="0" time="0.021480">
      <testcase name="test_hello" class="Trait_Coverage\Test\SourceClassTest" classname="Trait_Coverage.Test.SourceClassTest" file="/Users/tfidry/Project/Humbug/infection/tests/Fixtures/e2e/Trait_Coverage/tests/SourceClassTest.php" line="10" assertions="1" time="0.017679"/>
      <testcase name="test_world" class="Trait_Coverage\Test\SourceClassTest" classname="Trait_Coverage.Test.SourceClassTest" file="/Users/tfidry/Project/Humbug/infection/tests/Fixtures/e2e/Trait_Coverage/tests/SourceClassTest.php" line="15" assertions="1" time="0.001999"/>
      <testcase name="test_add" class="Trait_Coverage\Test\SourceClassTest" classname="Trait_Coverage.Test.SourceClassTest" file="/Users/tfidry/Project/Humbug/infection/tests/Fixtures/e2e/Trait_Coverage/tests/SourceClassTest.php" line="21" assertions="1" time="0.001802"/>
    </testsuite>
  </testsuite>
</testsuites>
