<?xml version="1.0" encoding="UTF-8"?>
<testsuites>
  <testsuite name="Test Suite" tests="1" assertions="1" errors="0" failures="0" skipped="0" time="0.015185">
    <testsuite name="CodeCoverageIgnore\Test\IgnoreClassTest" file="/Users/tfidry/Project/Humbug/infection/tests/Fixtures/e2e/Code_Coverage_Ignore/tests/SourceClassTest.php" tests="1" assertions="1" errors="0" failures="0" skipped="0" time="0.015185">
      <testcase name="test_hello" class="CodeCoverageIgnore\Test\IgnoreClassTest" classname="CodeCoverageIgnore.Test.IgnoreClassTest" file="/Users/tfidry/Project/Humbug/infection/tests/Fixtures/e2e/Code_Coverage_Ignore/tests/SourceClassTest.php" line="10" assertions="1" time="0.015185"/>
    </testsuite>
  </testsuite>
</testsuites>
